{
  "stats": {
    "suites": 2,
    "tests": 1,
    "passes": 1,
    "pending": 0,
    "failures": 0,
    "start": "2024-11-24T12:37:44.290Z",
    "end": "2024-11-24T12:37:44.295Z",
    "duration": 5,
    "testsRegistered": 1,
    "passPercent": 100,
    "pendingPercent": 0,
    "other": 0,
    "hasOther": false,
    "skipped": 0,
    "hasSkipped": false
  },
  "results": [
    {
      "uuid": "d5b0055b-6504-4ccf-ad20-5bc73a06ea5d",
      "title": "",
      "fullFile": "C:\\0_Lipasto\\00-2024s-2025k\\P1\\SoftTest\\Project\\hete\\test\\test.js",
      "file": "\\test\\test.js",
      "beforeHooks": [],
      "afterHooks": [],
      "tests": [],
      "suites": [
        {
          "uuid": "676b2331-708c-4605-aa18-50ef7b05dda5",
          "title": "Array",
          "fullFile": "C:\\0_Lipasto\\00-2024s-2025k\\P1\\SoftTest\\Project\\hete\\test\\test.js",
          "file": "\\test\\test.js",
          "beforeHooks": [],
          "afterHooks": [],
          "tests": [],
          "suites": [
            {
              "uuid": "0e9ec436-8b06-4f51-8b93-406a90858a4f",
              "title": "#indexOf()",
              "fullFile": "C:\\0_Lipasto\\00-2024s-2025k\\P1\\SoftTest\\Project\\hete\\test\\test.js",
              "file": "\\test\\test.js",
              "beforeHooks": [],
              "afterHooks": [],
              "tests": [
                {
                  "title": "should return 2 when adding 1 and 1",
                  "fullTitle": "Array #indexOf() should return 2 when adding 1 and 1",
                  "timedOut": false,
                  "duration": 0,
                  "state": "passed",
                  "speed": "fast",
                  "pass": true,
                  "fail": false,
                  "pending": false,
                  "context": null,
                  "code": "assert.equal(add(1,1), 2);",
                  "err": {},
                  "uuid": "0a39524f-f571-4e7a-8404-74d896cf7806",
                  "parentUUID": "0e9ec436-8b06-4f51-8b93-406a90858a4f",
                  "isHook": false,
                  "skipped": false
                }
              ],
              "suites": [],
              "passes": [
                "0a39524f-f571-4e7a-8404-74d896cf7806"
              ],
              "failures": [],
              "pending": [],
              "skipped": [],
              "duration": 0,
              "root": false,
              "rootEmpty": false,
              "_timeout": 2000
            }
          ],
          "passes": [],
          "failures": [],
          "pending": [],
          "skipped": [],
          "duration": 0,
          "root": false,
          "rootEmpty": false,
          "_timeout": 2000
        }
      ],
      "passes": [],
      "failures": [],
      "pending": [],
      "skipped": [],
      "duration": 0,
      "root": true,
      "rootEmpty": true,
      "_timeout": 2000
    }
  ],
  "meta": {
    "mocha": {
      "version": "10.8.2"
    },
    "mochawesome": {
      "options": {
        "quiet": false,
        "reportFilename": "mochawesome",
        "saveHtml": true,
        "saveJson": true,
        "consoleReporter": "spec",
        "useInlineDiffs": false,
        "code": true
      },
      "version": "7.1.3"
    },
    "marge": {
      "options": null,
      "version": "6.2.0"
    }
  }
}